<?xml version="1.0" encoding="utf-8"?><testsuites name="pytest tests"><testsuite name="pytest" errors="0" failures="0" skipped="0" tests="9" time="1.738" timestamp="2026-06-10T19:48:18.836452+00:00" hostname="agent-env-4d81aeaf-169e-4f47-bdf9-b4afdec7c4ee"><testcase classname="backend.tests.test_backend_api" name="test_health" time="0.350" /><testcase classname="backend.tests.test_backend_api" name="test_root" time="0.056" /><testcase classname="backend.tests.test_backend_api" name="test_create_quote_request_valid" time="0.239" /><testcase classname="backend.tests.test_backend_api" name="test_create_quote_request_all_commodities" time="0.309" /><testcase classname="backend.tests.test_backend_api" name="test_create_quote_invalid_commodity" time="0.054" /><testcase classname="backend.tests.test_backend_api" name="test_create_quote_missing_name" time="0.055" /><testcase classname="backend.tests.test_backend_api" name="test_create_quote_missing_email" time="0.054" /><testcase classname="backend.tests.test_backend_api" name="test_create_quote_invalid_email" time="0.056" /><testcase classname="backend.tests.test_backend_api" name="test_list_quote_requests_sorted_desc" time="0.117" /></testsuite></testsuites>